The system is: Windows - 10.0.18362 - AMD64
Compiling the C compiler identification source file "CMakeCCompilerId.c" succeeded.
Compiler: C:/Program Files (x86)/Microsoft Visual Studio/2019/Community/VC/Tools/MSVC/14.20.27404/bin/Hostx86/x86/cl.exe 
Build flags: 
Id flags:  

The output was:
0
Microsoft (R) C/C++ Optimizing Compiler Version 19.20.27404 for x86
Copyright (C) Microsoft Corporation.  All rights reserved.

CMakeCCompilerId.c
Microsoft (R) Incremental Linker Version 14.20.27404.0
Copyright (C) Microsoft Corporation.  All rights reserved.

/out:CMakeCCompilerId.exe 
CMakeCCompilerId.obj 


Compilation of the C compiler identification source "CMakeCCompilerId.c" produced "CMakeCCompilerId.exe"

Compilation of the C compiler identification source "CMakeCCompilerId.c" produced "CMakeCCompilerId.obj"

The C compiler identification is MSVC, found in "E:/Learn/C_DSA/betweennessCentrality/cmake-build-debug/CMakeFiles/3.12.3/CompilerIdC/CMakeCCompilerId.exe"

Determining if the C compiler works passed with the following output:
Change Dir: E:/Learn/C_DSA/betweennessCentrality/cmake-build-debug/CMakeFiles/CMakeTmp

Run Build Command:"nmake" "/nologo" "cmTC_cc5a2\fast"
	"C:\Program Files (x86)\Microsoft Visual Studio\2019\Community\VC\Tools\MSVC\14.20.27404\bin\HostX86\x86\nmake.exe" -f CMakeFiles\cmTC_cc5a2.dir\build.make /nologo -L                  CMakeFiles\cmTC_cc5a2.dir\build
Building C object CMakeFiles/cmTC_cc5a2.dir/testCCompiler.c.obj
	C:\PROGRA~2\MICROS~3\2019\COMMUN~1\VC\Tools\MSVC\1420~1.274\bin\Hostx86\x86\cl.exe @C:\Users\rmaddy\AppData\Local\Temp\nmC1AD.tmp
testCCompiler.c
Linking C executable cmTC_cc5a2.exe
	"D:\ides\CLion 2018.2.7\bin\cmake\win\bin\cmake.exe" -E vs_link_exe --intdir=CMakeFiles\cmTC_cc5a2.dir --manifests  -- C:\PROGRA~2\MICROS~3\2019\COMMUN~1\VC\Tools\MSVC\1420~1.274\bin\Hostx86\x86\link.exe /nologo @CMakeFiles\cmTC_cc5a2.dir\objects1.rsp @C:\Users\rmaddy\AppData\Local\Temp\nmC603.tmp


Detecting C compiler ABI info compiled with the following output:
Change Dir: E:/Learn/C_DSA/betweennessCentrality/cmake-build-debug/CMakeFiles/CMakeTmp

Run Build Command:"nmake" "/nologo" "cmTC_3957f\fast"
	"C:\Program Files (x86)\Microsoft Visual Studio\2019\Community\VC\Tools\MSVC\14.20.27404\bin\HostX86\x86\nmake.exe" -f CMakeFiles\cmTC_3957f.dir\build.make /nologo -L                  CMakeFiles\cmTC_3957f.dir\build
Building C object CMakeFiles/cmTC_3957f.dir/CMakeCCompilerABI.c.obj
	C:\PROGRA~2\MICROS~3\2019\COMMUN~1\VC\Tools\MSVC\1420~1.274\bin\Hostx86\x86\cl.exe @C:\Users\rmaddy\AppData\Local\Temp\nmCC0D.tmp
CMakeCCompilerABI.c
Linking C executable cmTC_3957f.exe
	"D:\ides\CLion 2018.2.7\bin\cmake\win\bin\cmake.exe" -E vs_link_exe --intdir=CMakeFiles\cmTC_3957f.dir --manifests  -- C:\PROGRA~2\MICROS~3\2019\COMMUN~1\VC\Tools\MSVC\1420~1.274\bin\Hostx86\x86\link.exe /nologo @CMakeFiles\cmTC_3957f.dir\objects1.rsp @C:\Users\rmaddy\AppData\Local\Temp\nmCE31.tmp




Detecting C [] compiler features compiled with the following output:
Change Dir: E:/Learn/C_DSA/betweennessCentrality/cmake-build-debug/CMakeFiles/CMakeTmp

Run Build Command:"nmake" "/nologo" "cmTC_23901\fast"
	"C:\Program Files (x86)\Microsoft Visual Studio\2019\Community\VC\Tools\MSVC\14.20.27404\bin\HostX86\x86\nmake.exe" -f CMakeFiles\cmTC_23901.dir\build.make /nologo -L                  CMakeFiles\cmTC_23901.dir\build
Building C object CMakeFiles/cmTC_23901.dir/feature_tests.c.obj
	C:\PROGRA~2\MICROS~3\2019\COMMUN~1\VC\Tools\MSVC\1420~1.274\bin\Hostx86\x86\cl.exe @C:\Users\rmaddy\AppData\Local\Temp\nmD15C.tmp
feature_tests.c
Linking C executable cmTC_23901.exe
	"D:\ides\CLion 2018.2.7\bin\cmake\win\bin\cmake.exe" -E vs_link_exe --intdir=CMakeFiles\cmTC_23901.dir --manifests  -- C:\PROGRA~2\MICROS~3\2019\COMMUN~1\VC\Tools\MSVC\1420~1.274\bin\Hostx86\x86\link.exe /nologo @CMakeFiles\cmTC_23901.dir\objects1.rsp @C:\Users\rmaddy\AppData\Local\Temp\nmD370.tmp


    Feature record: C_FEATURE:1c_function_prototypes
    Feature record: C_FEATURE:1c_variadic_macros
